Files /Users/aortiz/awdl_master/source/views/about.mustache and /Users/aortiz/awdl_site/source/views/about.mustache differ
Files /Users/aortiz/awdl_master/source/views/book.mustache and /Users/aortiz/awdl_site/source/views/book.mustache differ
Files /Users/aortiz/awdl_master/source/views/browse.mustache and /Users/aortiz/awdl_site/source/views/browse.mustache differ
Only in /Users/aortiz/awdl_master/source/views: diff.log
Files /Users/aortiz/awdl_master/source/views/featured.mustache and /Users/aortiz/awdl_site/source/views/featured.mustache differ
Files /Users/aortiz/awdl_master/source/views/front.mustache and /Users/aortiz/awdl_site/source/views/front.mustache differ
Files /Users/aortiz/awdl_master/source/views/head.mustache and /Users/aortiz/awdl_site/source/views/head.mustache differ
Files /Users/aortiz/awdl_master/source/views/header.mustache and /Users/aortiz/awdl_site/source/views/header.mustache differ
Files /Users/aortiz/awdl_master/source/views/items.hbs and /Users/aortiz/awdl_site/source/views/items.hbs differ
Files /Users/aortiz/awdl_master/source/views/items.mustache and /Users/aortiz/awdl_site/source/views/items.mustache differ
Files /Users/aortiz/awdl_master/source/views/nav.mustache and /Users/aortiz/awdl_site/source/views/nav.mustache differ
Files /Users/aortiz/awdl_master/source/views/navButton.mustache and /Users/aortiz/awdl_site/source/views/navButton.mustache differ
Files /Users/aortiz/awdl_master/source/views/newsItem.mustache and /Users/aortiz/awdl_site/source/views/newsItem.mustache differ
Files /Users/aortiz/awdl_master/source/views/resources.mustache and /Users/aortiz/awdl_site/source/views/resources.mustache differ
Files /Users/aortiz/awdl_master/source/views/search.mustache and /Users/aortiz/awdl_site/source/views/search.mustache differ
Files /Users/aortiz/awdl_master/source/views/search_form.mustache and /Users/aortiz/awdl_site/source/views/search_form.mustache differ
Files /Users/aortiz/awdl_master/source/views/styleguide.mustache and /Users/aortiz/awdl_site/source/views/styleguide.mustache differ
Files /Users/aortiz/awdl_master/source/views/takedown.mustache and /Users/aortiz/awdl_site/source/views/takedown.mustache differ
Files /Users/aortiz/awdl_master/source/views/takedownpolicy.mustache and /Users/aortiz/awdl_site/source/views/takedownpolicy.mustache differ
Files /Users/aortiz/awdl_master/source/views/warning.mustache and /Users/aortiz/awdl_site/source/views/warning.mustache differ
